This file contains any messages produced by compilers while
running configure, to aid debugging if configure makes a mistake.

It was created by libtta configure 1.0.0, which was
generated by GNU Autoconf 2.68.  Invocation command line was

  $ ./configure --host=mipsel-linux --build=i686-pc-linux-gnu --prefix=/home/gomma/projects/openwrt/dl/libtta/install --target=mipsel-linux --enable-static

## --------- ##
## Platform. ##
## --------- ##

hostname = cloud
uname -m = x86_64
uname -r = 3.2.0-36-generic
uname -s = Linux
uname -v = #57-Ubuntu SMP Tue Jan 8 21:44:52 UTC 2013

/usr/bin/uname -p = unknown
/bin/uname -X     = unknown

/bin/arch              = unknown
/usr/bin/arch -k       = unknown
/usr/convex/getsysinfo = unknown
/usr/bin/hostinfo      = unknown
/bin/machine           = unknown
/usr/bin/oslevel       = unknown
/bin/universe          = unknown

PATH: /home/gomma/projects/openwrt/staging_dir/toolchain-mipsel_24kec+dsp_gcc-4.8-linaro_musl-1.1.11/bin
PATH: /usr/local/sbin
PATH: /usr/local/bin
PATH: /usr/sbin
PATH: /usr/bin
PATH: /sbin
PATH: /bin
PATH: /usr/games
PATH: /home/gomma/bin
PATH: .
PATH: /usr/local/java/jdk1.8.0_25/bin
PATH: /home/gomma/bin


## ----------- ##
## Core tests. ##
## ----------- ##

configure:2354: checking for a BSD-compatible install
configure:2422: result: /usr/bin/install -c
configure:2433: checking whether build environment is sane
configure:2483: result: yes
configure:2532: checking for mipsel-linux-strip
configure:2559: result: mipsel-openwrt-linux-strip
configure:2624: checking for a thread-safe mkdir -p
configure:2663: result: /bin/mkdir -p
configure:2676: checking for gawk
configure:2692: found /usr/bin/gawk
configure:2703: result: gawk
configure:2714: checking whether make sets $(MAKE)
configure:2736: result: yes
configure:2765: checking whether make supports nested variables
configure:2782: result: yes
configure:2850: checking how to create a pax tar archive
configure:2863: tar --version
tar (GNU tar) 1.26
Copyright (C) 2011 Free Software Foundation, Inc.
License GPLv3+: GNU GPL version 3 or later <http://gnu.org/licenses/gpl.html>.
This is free software: you are free to change and redistribute it.
There is NO WARRANTY, to the extent permitted by law.

Written by John Gilmore and Jay Fenlason.
configure:2866: $? = 0
configure:2906: tardir=conftest.dir && eval tar --format=posix -chf - "$tardir" >conftest.tar
configure:2909: $? = 0
configure:2913: tar -xf - <conftest.tar
configure:2916: $? = 0
configure:2929: result: gnutar
configure:2948: checking for style of include used by make
configure:2976: result: GNU
configure:3007: checking for mipsel-linux-gcc
configure:3034: result: mipsel-openwrt-linux-gcc
configure:3303: checking for C compiler version
configure:3312: mipsel-openwrt-linux-gcc --version >&5
mipsel-openwrt-linux-gcc (OpenWrt/Linaro GCC 4.8-2014.04 r47048) 4.8.3
Copyright (C) 2013 Free Software Foundation, Inc.
This is free software; see the source for copying conditions.  There is NO
warranty; not even for MERCHANTABILITY or FITNESS FOR A PARTICULAR PURPOSE.

configure:3323: $? = 0
configure:3312: mipsel-openwrt-linux-gcc -v >&5
Reading specs from /home/gomma/projects/openwrt/staging_dir/toolchain-mipsel_24kec+dsp_gcc-4.8-linaro_musl-1.1.11/lib/gcc/mipsel-openwrt-linux-musl/4.8.3/specs
COLLECT_GCC=mipsel-openwrt-linux-gcc
COLLECT_LTO_WRAPPER=/home/gomma/projects/openwrt/staging_dir/toolchain-mipsel_24kec+dsp_gcc-4.8-linaro_musl-1.1.11/libexec/gcc/mipsel-openwrt-linux-musl/4.8.3/lto-wrapper
Target: mipsel-openwrt-linux-musl
Configured with: /home/gomma/projects/openwrt/build_dir/toolchain-mipsel_24kec+dsp_gcc-4.8-linaro_musl-1.1.11/gcc-linaro-4.8-2014.04/configure --with-bugurl=https://dev.openwrt.org/ --with-pkgversion='OpenWrt/Linaro GCC 4.8-2014.04 r47048' --prefix=/home/gomma/projects/openwrt/staging_dir/toolchain-mipsel_24kec+dsp_gcc-4.8-linaro_musl-1.1.11 --build=x86_64-linux-gnu --host=x86_64-linux-gnu --target=mipsel-openwrt-linux-musl --with-gnu-ld --enable-target-optspace --disable-libgomp --disable-libmudflap --disable-multilib --disable-nls --with-host-libstdcxx=-lstdc++ --with-float=soft --with-gmp=/home/gomma/projects/openwrt/staging_dir/host --with-mpfr=/home/gomma/projects/openwrt/staging_dir/host --with-mpc=/home/gomma/projects/openwrt/staging_dir/host --disable-decimal-float --with-mips-plt --disable-libssp --enable-__cxa_atexit --with-headers=/home/gomma/projects/openwrt/staging_dir/toolchain-mipsel_24kec+dsp_gcc-4.8-linaro_musl-1.1.11/include --disable-libsanitizer --enable-languages=c,c++ --enable-shared --enable-threads --with-slibdir=/home/gomma/projects/openwrt/staging_dir/toolchain-mipsel_24kec+dsp_gcc-4.8-linaro_musl-1.1.11/lib
Thread model: posix
gcc version 4.8.3 (OpenWrt/Linaro GCC 4.8-2014.04 r47048) 
configure:3323: $? = 0
configure:3312: mipsel-openwrt-linux-gcc -V >&5
mipsel-openwrt-linux-gcc: error: unrecognized command line option '-V'
mipsel-openwrt-linux-gcc: fatal error: no input files
compilation terminated.
configure:3323: $? = 1
configure:3312: mipsel-openwrt-linux-gcc -qversion >&5
mipsel-openwrt-linux-gcc: error: unrecognized command line option '-qversion'
mipsel-openwrt-linux-gcc: fatal error: no input files
compilation terminated.
configure:3323: $? = 1
configure:3343: checking whether the C compiler works
configure:3365: mipsel-openwrt-linux-gcc    conftest.c  >&5
mipsel-openwrt-linux-gcc: warning: environment variable 'STAGING_DIR' not defined
mipsel-openwrt-linux-gcc: warning: environment variable 'STAGING_DIR' not defined
mipsel-openwrt-linux-gcc: warning: environment variable 'STAGING_DIR' not defined
configure:3369: $? = 0
configure:3417: result: yes
configure:3420: checking for C compiler default output file name
configure:3422: result: a.out
configure:3428: checking for suffix of executables
configure:3435: mipsel-openwrt-linux-gcc -o conftest    conftest.c  >&5
mipsel-openwrt-linux-gcc: warning: environment variable 'STAGING_DIR' not defined
mipsel-openwrt-linux-gcc: warning: environment variable 'STAGING_DIR' not defined
mipsel-openwrt-linux-gcc: warning: environment variable 'STAGING_DIR' not defined
configure:3439: $? = 0
configure:3461: result: 
configure:3483: checking whether we are cross compiling
configure:3521: result: yes
configure:3526: checking for suffix of object files
configure:3548: mipsel-openwrt-linux-gcc -c   conftest.c >&5
mipsel-openwrt-linux-gcc: warning: environment variable 'STAGING_DIR' not defined
configure:3552: $? = 0
configure:3573: result: o
configure:3577: checking whether we are using the GNU C compiler
configure:3596: mipsel-openwrt-linux-gcc -c   conftest.c >&5
mipsel-openwrt-linux-gcc: warning: environment variable 'STAGING_DIR' not defined
configure:3596: $? = 0
configure:3605: result: yes
configure:3614: checking whether mipsel-openwrt-linux-gcc accepts -g
configure:3634: mipsel-openwrt-linux-gcc -c -g  conftest.c >&5
mipsel-openwrt-linux-gcc: warning: environment variable 'STAGING_DIR' not defined
configure:3634: $? = 0
configure: failed program was:
| /* confdefs.h */
| #define PACKAGE_NAME "libtta"
| #define PACKAGE_TARNAME "libtta"
| #define PACKAGE_VERSION "1.0.0"
| #define PACKAGE_STRING "libtta 1.0.0"
| #define PACKAGE_BUGREPORT "https://github.com/stephane/libtta/issues"
| #define PACKAGE_URL "http://libtta.org/"
| #define PACKAGE "libtta"
| #define VERSION "1.0.0"
| /* end confdefs.h.  */
| 
| int
| main ()
| {
| 
|   ;
|   return 0;
| }
configure:3649: mipsel-openwrt-linux-gcc -c   conftest.c >&5
mipsel-openwrt-linux-gcc: warning: environment variable 'STAGING_DIR' not defined
configure:3649: $? = 0
configure: failed program was:
| /* confdefs.h */
| #define PACKAGE_NAME "libtta"
| #define PACKAGE_TARNAME "libtta"
| #define PACKAGE_VERSION "1.0.0"
| #define PACKAGE_STRING "libtta 1.0.0"
| #define PACKAGE_BUGREPORT "https://github.com/stephane/libtta/issues"
| #define PACKAGE_URL "http://libtta.org/"
| #define PACKAGE "libtta"
| #define VERSION "1.0.0"
| /* end confdefs.h.  */
| 
| int
| main ()
| {
| 
|   ;
|   return 0;
| }
configure:3665: mipsel-openwrt-linux-gcc -c -g  conftest.c >&5
mipsel-openwrt-linux-gcc: warning: environment variable 'STAGING_DIR' not defined
configure:3665: $? = 0
configure:3675: result: yes
configure:3692: checking for mipsel-openwrt-linux-gcc option to accept ISO C89
configure:3756: mipsel-openwrt-linux-gcc  -c -g -O2  conftest.c >&5
mipsel-openwrt-linux-gcc: warning: environment variable 'STAGING_DIR' not defined
configure:3756: $? = 0
configure:3769: result: none needed
configure:3791: checking dependency style of mipsel-openwrt-linux-gcc
configure:3902: result: gcc3
configure:3921: checking for mipsel-openwrt-linux-gcc option to accept ISO C99
configure:4070: mipsel-openwrt-linux-gcc  -c -g -O2  conftest.c >&5
mipsel-openwrt-linux-gcc: warning: environment variable 'STAGING_DIR' not defined
conftest.c:61:29: error: expected ';', ',' or ')' before 'text'
 test_restrict (ccp restrict text)
                             ^
conftest.c: In function 'main':
conftest.c:115:18: error: expected '=', ',', ';', 'asm' or '__attribute__' before 'newvar'
   char *restrict newvar = "Another string";
                  ^
conftest.c:115:18: error: 'newvar' undeclared (first use in this function)
conftest.c:115:18: note: each undeclared identifier is reported only once for each function it appears in
conftest.c:125:3: error: 'for' loop initial declarations are only allowed in C99 mode
   for (int i = 0; i < ia->datasize; ++i)
   ^
conftest.c:125:3: note: use option -std=c99 or -std=gnu99 to compile your code
configure:4070: $? = 1
configure: failed program was:
| /* confdefs.h */
| #define PACKAGE_NAME "libtta"
| #define PACKAGE_TARNAME "libtta"
| #define PACKAGE_VERSION "1.0.0"
| #define PACKAGE_STRING "libtta 1.0.0"
| #define PACKAGE_BUGREPORT "https://github.com/stephane/libtta/issues"
| #define PACKAGE_URL "http://libtta.org/"
| #define PACKAGE "libtta"
| #define VERSION "1.0.0"
| /* end confdefs.h.  */
| #include <stdarg.h>
| #include <stdbool.h>
| #include <stdlib.h>
| #include <wchar.h>
| #include <stdio.h>
| 
| // Check varargs macros.  These examples are taken from C99 6.10.3.5.
| #define debug(...) fprintf (stderr, __VA_ARGS__)
| #define showlist(...) puts (#__VA_ARGS__)
| #define report(test,...) ((test) ? puts (#test) : printf (__VA_ARGS__))
| static void
| test_varargs_macros (void)
| {
|   int x = 1234;
|   int y = 5678;
|   debug ("Flag");
|   debug ("X = %d\n", x);
|   showlist (The first, second, and third items.);
|   report (x>y, "x is %d but y is %d", x, y);
| }
| 
| // Check long long types.
| #define BIG64 18446744073709551615ull
| #define BIG32 4294967295ul
| #define BIG_OK (BIG64 / BIG32 == 4294967297ull && BIG64 % BIG32 == 0)
| #if !BIG_OK
|   your preprocessor is broken;
| #endif
| #if BIG_OK
| #else
|   your preprocessor is broken;
| #endif
| static long long int bignum = -9223372036854775807LL;
| static unsigned long long int ubignum = BIG64;
| 
| struct incomplete_array
| {
|   int datasize;
|   double data[];
| };
| 
| struct named_init {
|   int number;
|   const wchar_t *name;
|   double average;
| };
| 
| typedef const char *ccp;
| 
| static inline int
| test_restrict (ccp restrict text)
| {
|   // See if C++-style comments work.
|   // Iterate through items via the restricted pointer.
|   // Also check for declarations in for loops.
|   for (unsigned int i = 0; *(text+i) != '\0'; ++i)
|     continue;
|   return 0;
| }
| 
| // Check varargs and va_copy.
| static void
| test_varargs (const char *format, ...)
| {
|   va_list args;
|   va_start (args, format);
|   va_list args_copy;
|   va_copy (args_copy, args);
| 
|   const char *str;
|   int number;
|   float fnumber;
| 
|   while (*format)
|     {
|       switch (*format++)
| 	{
| 	case 's': // string
| 	  str = va_arg (args_copy, const char *);
| 	  break;
| 	case 'd': // int
| 	  number = va_arg (args_copy, int);
| 	  break;
| 	case 'f': // float
| 	  fnumber = va_arg (args_copy, double);
| 	  break;
| 	default:
| 	  break;
| 	}
|     }
|   va_end (args_copy);
|   va_end (args);
| }
| 
| int
| main ()
| {
| 
|   // Check bool.
|   _Bool success = false;
| 
|   // Check restrict.
|   if (test_restrict ("String literal") == 0)
|     success = true;
|   char *restrict newvar = "Another string";
| 
|   // Check varargs.
|   test_varargs ("s, d' f .", "string", 65, 34.234);
|   test_varargs_macros ();
| 
|   // Check flexible array members.
|   struct incomplete_array *ia =
|     malloc (sizeof (struct incomplete_array) + (sizeof (double) * 10));
|   ia->datasize = 10;
|   for (int i = 0; i < ia->datasize; ++i)
|     ia->data[i] = i * 1.234;
| 
|   // Check named initializers.
|   struct named_init ni = {
|     .number = 34,
|     .name = L"Test wide string",
|     .average = 543.34343,
|   };
| 
|   ni.number = 58;
| 
|   int dynamic_array[ni.number];
|   dynamic_array[ni.number - 1] = 543;
| 
|   // work around unused variable warnings
|   return (!success || bignum == 0LL || ubignum == 0uLL || newvar[0] == 'x'
| 	  || dynamic_array[ni.number - 1] != 543);
| 
|   ;
|   return 0;
| }
configure:4070: mipsel-openwrt-linux-gcc -std=gnu99 -c -g -O2  conftest.c >&5
mipsel-openwrt-linux-gcc: warning: environment variable 'STAGING_DIR' not defined
configure:4070: $? = 0
configure:4090: result: -std=gnu99
configure:4192: checking for mipsel-openwrt-linux-gcc -std=gnu99 option to accept ISO Standard C
configure:4206: result: -std=gnu99
configure:4216: checking how to run the C preprocessor
configure:4247: mipsel-openwrt-linux-gcc -std=gnu99 -E  conftest.c
mipsel-openwrt-linux-gcc: warning: environment variable 'STAGING_DIR' not defined
configure:4247: $? = 0
configure:4261: mipsel-openwrt-linux-gcc -std=gnu99 -E  conftest.c
mipsel-openwrt-linux-gcc: warning: environment variable 'STAGING_DIR' not defined
conftest.c:11:28: fatal error: ac_nonexistent.h: No such file or directory
 #include <ac_nonexistent.h>
                            ^
compilation terminated.
configure:4261: $? = 1
configure: failed program was:
| /* confdefs.h */
| #define PACKAGE_NAME "libtta"
| #define PACKAGE_TARNAME "libtta"
| #define PACKAGE_VERSION "1.0.0"
| #define PACKAGE_STRING "libtta 1.0.0"
| #define PACKAGE_BUGREPORT "https://github.com/stephane/libtta/issues"
| #define PACKAGE_URL "http://libtta.org/"
| #define PACKAGE "libtta"
| #define VERSION "1.0.0"
| /* end confdefs.h.  */
| #include <ac_nonexistent.h>
configure:4286: result: mipsel-openwrt-linux-gcc -std=gnu99 -E
configure:4306: mipsel-openwrt-linux-gcc -std=gnu99 -E  conftest.c
mipsel-openwrt-linux-gcc: warning: environment variable 'STAGING_DIR' not defined
configure:4306: $? = 0
configure:4320: mipsel-openwrt-linux-gcc -std=gnu99 -E  conftest.c
mipsel-openwrt-linux-gcc: warning: environment variable 'STAGING_DIR' not defined
conftest.c:11:28: fatal error: ac_nonexistent.h: No such file or directory
 #include <ac_nonexistent.h>
                            ^
compilation terminated.
configure:4320: $? = 1
configure: failed program was:
| /* confdefs.h */
| #define PACKAGE_NAME "libtta"
| #define PACKAGE_TARNAME "libtta"
| #define PACKAGE_VERSION "1.0.0"
| #define PACKAGE_STRING "libtta 1.0.0"
| #define PACKAGE_BUGREPORT "https://github.com/stephane/libtta/issues"
| #define PACKAGE_URL "http://libtta.org/"
| #define PACKAGE "libtta"
| #define VERSION "1.0.0"
| /* end confdefs.h.  */
| #include <ac_nonexistent.h>
configure:4349: checking for grep that handles long lines and -e
configure:4407: result: /bin/grep
configure:4412: checking for egrep
configure:4474: result: /bin/grep -E
configure:4479: checking for ANSI C header files
configure:4499: mipsel-openwrt-linux-gcc -std=gnu99 -c -g -O2  conftest.c >&5
mipsel-openwrt-linux-gcc: warning: environment variable 'STAGING_DIR' not defined
configure:4499: $? = 0
mipsel-openwrt-linux-gcc: warning: environment variable 'STAGING_DIR' not defined
mipsel-openwrt-linux-gcc: warning: environment variable 'STAGING_DIR' not defined
configure:4583: result: yes
configure:4596: checking for sys/types.h
configure:4596: mipsel-openwrt-linux-gcc -std=gnu99 -c -g -O2  conftest.c >&5
mipsel-openwrt-linux-gcc: warning: environment variable 'STAGING_DIR' not defined
configure:4596: $? = 0
configure:4596: result: yes
configure:4596: checking for sys/stat.h
configure:4596: mipsel-openwrt-linux-gcc -std=gnu99 -c -g -O2  conftest.c >&5
mipsel-openwrt-linux-gcc: warning: environment variable 'STAGING_DIR' not defined
configure:4596: $? = 0
configure:4596: result: yes
configure:4596: checking for stdlib.h
configure:4596: mipsel-openwrt-linux-gcc -std=gnu99 -c -g -O2  conftest.c >&5
mipsel-openwrt-linux-gcc: warning: environment variable 'STAGING_DIR' not defined
configure:4596: $? = 0
configure:4596: result: yes
configure:4596: checking for string.h
configure:4596: mipsel-openwrt-linux-gcc -std=gnu99 -c -g -O2  conftest.c >&5
mipsel-openwrt-linux-gcc: warning: environment variable 'STAGING_DIR' not defined
configure:4596: $? = 0
configure:4596: result: yes
configure:4596: checking for memory.h
configure:4596: mipsel-openwrt-linux-gcc -std=gnu99 -c -g -O2  conftest.c >&5
mipsel-openwrt-linux-gcc: warning: environment variable 'STAGING_DIR' not defined
configure:4596: $? = 0
configure:4596: result: yes
configure:4596: checking for strings.h
configure:4596: mipsel-openwrt-linux-gcc -std=gnu99 -c -g -O2  conftest.c >&5
mipsel-openwrt-linux-gcc: warning: environment variable 'STAGING_DIR' not defined
configure:4596: $? = 0
configure:4596: result: yes
configure:4596: checking for inttypes.h
configure:4596: mipsel-openwrt-linux-gcc -std=gnu99 -c -g -O2  conftest.c >&5
mipsel-openwrt-linux-gcc: warning: environment variable 'STAGING_DIR' not defined
configure:4596: $? = 0
configure:4596: result: yes
configure:4596: checking for stdint.h
configure:4596: mipsel-openwrt-linux-gcc -std=gnu99 -c -g -O2  conftest.c >&5
mipsel-openwrt-linux-gcc: warning: environment variable 'STAGING_DIR' not defined
configure:4596: $? = 0
configure:4596: result: yes
configure:4596: checking for unistd.h
configure:4596: mipsel-openwrt-linux-gcc -std=gnu99 -c -g -O2  conftest.c >&5
mipsel-openwrt-linux-gcc: warning: environment variable 'STAGING_DIR' not defined
configure:4596: $? = 0
configure:4596: result: yes
configure:4609: checking minix/config.h usability
configure:4609: mipsel-openwrt-linux-gcc -std=gnu99 -c -g -O2  conftest.c >&5
mipsel-openwrt-linux-gcc: warning: environment variable 'STAGING_DIR' not defined
conftest.c:54:26: fatal error: minix/config.h: No such file or directory
 #include <minix/config.h>
                          ^
compilation terminated.
configure:4609: $? = 1
configure: failed program was:
| /* confdefs.h */
| #define PACKAGE_NAME "libtta"
| #define PACKAGE_TARNAME "libtta"
| #define PACKAGE_VERSION "1.0.0"
| #define PACKAGE_STRING "libtta 1.0.0"
| #define PACKAGE_BUGREPORT "https://github.com/stephane/libtta/issues"
| #define PACKAGE_URL "http://libtta.org/"
| #define PACKAGE "libtta"
| #define VERSION "1.0.0"
| #define STDC_HEADERS 1
| #define HAVE_SYS_TYPES_H 1
| #define HAVE_SYS_STAT_H 1
| #define HAVE_STDLIB_H 1
| #define HAVE_STRING_H 1
| #define HAVE_MEMORY_H 1
| #define HAVE_STRINGS_H 1
| #define HAVE_INTTYPES_H 1
| #define HAVE_STDINT_H 1
| #define HAVE_UNISTD_H 1
| /* end confdefs.h.  */
| #include <stdio.h>
| #ifdef HAVE_SYS_TYPES_H
| # include <sys/types.h>
| #endif
| #ifdef HAVE_SYS_STAT_H
| # include <sys/stat.h>
| #endif
| #ifdef STDC_HEADERS
| # include <stdlib.h>
| # include <stddef.h>
| #else
| # ifdef HAVE_STDLIB_H
| #  include <stdlib.h>
| # endif
| #endif
| #ifdef HAVE_STRING_H
| # if !defined STDC_HEADERS && defined HAVE_MEMORY_H
| #  include <memory.h>
| # endif
| # include <string.h>
| #endif
| #ifdef HAVE_STRINGS_H
| # include <strings.h>
| #endif
| #ifdef HAVE_INTTYPES_H
| # include <inttypes.h>
| #endif
| #ifdef HAVE_STDINT_H
| # include <stdint.h>
| #endif
| #ifdef HAVE_UNISTD_H
| # include <unistd.h>
| #endif
| #include <minix/config.h>
configure:4609: result: no
configure:4609: checking minix/config.h presence
configure:4609: mipsel-openwrt-linux-gcc -std=gnu99 -E  conftest.c
mipsel-openwrt-linux-gcc: warning: environment variable 'STAGING_DIR' not defined
conftest.c:21:26: fatal error: minix/config.h: No such file or directory
 #include <minix/config.h>
                          ^
compilation terminated.
configure:4609: $? = 1
configure: failed program was:
| /* confdefs.h */
| #define PACKAGE_NAME "libtta"
| #define PACKAGE_TARNAME "libtta"
| #define PACKAGE_VERSION "1.0.0"
| #define PACKAGE_STRING "libtta 1.0.0"
| #define PACKAGE_BUGREPORT "https://github.com/stephane/libtta/issues"
| #define PACKAGE_URL "http://libtta.org/"
| #define PACKAGE "libtta"
| #define VERSION "1.0.0"
| #define STDC_HEADERS 1
| #define HAVE_SYS_TYPES_H 1
| #define HAVE_SYS_STAT_H 1
| #define HAVE_STDLIB_H 1
| #define HAVE_STRING_H 1
| #define HAVE_MEMORY_H 1
| #define HAVE_STRINGS_H 1
| #define HAVE_INTTYPES_H 1
| #define HAVE_STDINT_H 1
| #define HAVE_UNISTD_H 1
| /* end confdefs.h.  */
| #include <minix/config.h>
configure:4609: result: no
configure:4609: checking for minix/config.h
configure:4609: result: no
configure:4630: checking whether it is safe to define __EXTENSIONS__
configure:4648: mipsel-openwrt-linux-gcc -std=gnu99 -c -g -O2  conftest.c >&5
mipsel-openwrt-linux-gcc: warning: environment variable 'STAGING_DIR' not defined
configure:4648: $? = 0
configure:4655: result: yes
configure:4676: checking for special C compiler options needed for large files
configure:4721: result: no
configure:4727: checking for _FILE_OFFSET_BITS value needed for large files
configure:4752: mipsel-openwrt-linux-gcc -std=gnu99 -c -g -O2  conftest.c >&5
mipsel-openwrt-linux-gcc: warning: environment variable 'STAGING_DIR' not defined
configure:4752: $? = 0
configure:4784: result: no
configure:4879: checking whether make supports nested variables
configure:4896: result: yes
configure:4929: checking build system type
configure:4943: result: i686-pc-linux-gnu
configure:4963: checking host system type
configure:4976: result: mipsel-unknown-linux-gnu
configure:5071: checking how to print strings
configure:5098: result: printf
configure:5119: checking for a sed that does not truncate output
configure:5183: result: /bin/sed
configure:5201: checking for fgrep
configure:5263: result: /bin/grep -F
configure:5298: checking for ld used by mipsel-openwrt-linux-gcc -std=gnu99
configure:5365: result: /home/gomma/projects/openwrt/staging_dir/toolchain-mipsel_24kec+dsp_gcc-4.8-linaro_musl-1.1.11/mipsel-openwrt-linux-musl/bin/ld
configure:5372: checking if the linker (/home/gomma/projects/openwrt/staging_dir/toolchain-mipsel_24kec+dsp_gcc-4.8-linaro_musl-1.1.11/mipsel-openwrt-linux-musl/bin/ld) is GNU ld
configure:5387: result: yes
configure:5399: checking for BSD- or MS-compatible name lister (nm)
configure:5448: result: no
configure:5462: checking for mipsel-linux-dumpbin
configure:5492: result: no
configure:5462: checking for mipsel-linux-link
configure:5492: result: no
configure:5506: checking for dumpbin
configure:5536: result: no
configure:5506: checking for link
configure:5522: found /usr/bin/link
configure:5533: result: link -dump
configure:5549: WARNING: using cross tools not prefixed with host triplet
configure:5578: checking the name lister (nm) interface
configure:5585: mipsel-openwrt-linux-gcc -std=gnu99 -c -g -O2  conftest.c >&5
mipsel-openwrt-linux-gcc: warning: environment variable 'STAGING_DIR' not defined
configure:5588: nm "conftest.o"
configure:5591: output
00000000 B some_variable
configure:5598: result: BSD nm
configure:5601: checking whether ln -s works
configure:5605: result: yes
configure:5613: checking the maximum length of command line arguments
configure:5743: result: 1572864
configure:5760: checking whether the shell understands some XSI constructs
configure:5770: result: yes
configure:5774: checking whether the shell understands "+="
configure:5780: result: yes
configure:5815: checking how to convert i686-pc-linux-gnu file names to mipsel-unknown-linux-gnu format
configure:5855: result: func_convert_file_noop
configure:5862: checking how to convert i686-pc-linux-gnu file names to toolchain format
configure:5882: result: func_convert_file_noop
configure:5889: checking for /home/gomma/projects/openwrt/staging_dir/toolchain-mipsel_24kec+dsp_gcc-4.8-linaro_musl-1.1.11/mipsel-openwrt-linux-musl/bin/ld option to reload object files
configure:5896: result: -r
configure:5930: checking for mipsel-linux-objdump
configure:5960: result: no
configure:5970: checking for objdump
configure:5986: found /usr/bin/objdump
configure:5997: result: objdump
configure:6026: checking how to recognize dependent libraries
configure:6228: result: pass_all
configure:6273: checking for mipsel-linux-dlltool
configure:6303: result: no
configure:6313: checking for dlltool
configure:6343: result: no
configure:6370: checking how to associate runtime and link libraries
configure:6397: result: printf %s\n
configure:6413: checking for mipsel-linux-ar
configure:6440: result: mipsel-openwrt-linux-ar
configure:6521: checking for archiver @FILE support
configure:6538: mipsel-openwrt-linux-gcc -std=gnu99 -c -g -O2  conftest.c >&5
mipsel-openwrt-linux-gcc: warning: environment variable 'STAGING_DIR' not defined
configure:6538: $? = 0
configure:6541: mipsel-openwrt-linux-ar cru libconftest.a @conftest.lst >&5
mipsel-openwrt-linux-ar: `u' modifier ignored since `D' is the default (see `U')
configure:6544: $? = 0
configure:6549: mipsel-openwrt-linux-ar cru libconftest.a @conftest.lst >&5
mipsel-openwrt-linux-ar: `u' modifier ignored since `D' is the default (see `U')
mipsel-openwrt-linux-ar: conftest.o: No such file or directory
configure:6552: $? = 1
configure:6564: result: @
configure:6582: checking for mipsel-linux-strip
configure:6609: result: mipsel-openwrt-linux-strip
configure:6681: checking for mipsel-linux-ranlib
configure:6708: result: mipsel-openwrt-linux-ranlib
configure:6850: checking command to parse nm output from mipsel-openwrt-linux-gcc -std=gnu99 object
configure:6970: mipsel-openwrt-linux-gcc -std=gnu99 -c -g -O2  conftest.c >&5
mipsel-openwrt-linux-gcc: warning: environment variable 'STAGING_DIR' not defined
configure:6973: $? = 0
configure:6977: nm conftest.o \| sed -n -e 's/^.*[ ]\([ABCDGIRSTW][ABCDGIRSTW]*\)[ ][ ]*\([_A-Za-z][_A-Za-z0-9]*\)$/\1 \2 \2/p' | sed '/ __gnu_lto/d' \> conftest.nm
configure:6980: $? = 0
configure:7046: mipsel-openwrt-linux-gcc -std=gnu99 -o conftest -g -O2   conftest.c conftstm.o >&5
mipsel-openwrt-linux-gcc: warning: environment variable 'STAGING_DIR' not defined
mipsel-openwrt-linux-gcc: warning: environment variable 'STAGING_DIR' not defined
mipsel-openwrt-linux-gcc: warning: environment variable 'STAGING_DIR' not defined
configure:7049: $? = 0
configure:7087: result: ok
configure:7124: checking for sysroot
configure:7154: result: no
configure:7370: checking for mipsel-linux-mt
configure:7400: result: no
configure:7410: checking for mt
configure:7426: found /bin/mt
configure:7437: result: mt
configure:7460: checking if mt is a manifest tool
configure:7466: mt '-?'
configure:7474: result: no
configure:8113: checking for dlfcn.h
configure:8113: mipsel-openwrt-linux-gcc -std=gnu99 -c -g -O2  conftest.c >&5
mipsel-openwrt-linux-gcc: warning: environment variable 'STAGING_DIR' not defined
configure:8113: $? = 0
configure:8113: result: yes
configure:8615: checking for objdir
configure:8630: result: .libs
configure:8901: checking if mipsel-openwrt-linux-gcc -std=gnu99 supports -fno-rtti -fno-exceptions
configure:8919: mipsel-openwrt-linux-gcc -std=gnu99 -c -g -O2  -fno-rtti -fno-exceptions conftest.c >&5
mipsel-openwrt-linux-gcc: warning: environment variable 'STAGING_DIR' not defined
cc1: warning: command line option '-fno-rtti' is valid for C++/ObjC++ but not for C [enabled by default]
configure:8923: $? = 0
configure:8936: result: no
configure:9263: checking for mipsel-openwrt-linux-gcc -std=gnu99 option to produce PIC
configure:9270: result: -fPIC -DPIC
configure:9278: checking if mipsel-openwrt-linux-gcc -std=gnu99 PIC flag -fPIC -DPIC works
configure:9296: mipsel-openwrt-linux-gcc -std=gnu99 -c -g -O2  -fPIC -DPIC -DPIC conftest.c >&5
mipsel-openwrt-linux-gcc: warning: environment variable 'STAGING_DIR' not defined
configure:9300: $? = 0
configure:9313: result: yes
configure:9342: checking if mipsel-openwrt-linux-gcc -std=gnu99 static flag -static works
mipsel-openwrt-linux-gcc: warning: environment variable 'STAGING_DIR' not defined
mipsel-openwrt-linux-gcc: warning: environment variable 'STAGING_DIR' not defined
mipsel-openwrt-linux-gcc: warning: environment variable 'STAGING_DIR' not defined
configure:9370: result: yes
configure:9385: checking if mipsel-openwrt-linux-gcc -std=gnu99 supports -c -o file.o
configure:9406: mipsel-openwrt-linux-gcc -std=gnu99 -c -g -O2  -o out/conftest2.o conftest.c >&5
mipsel-openwrt-linux-gcc: warning: environment variable 'STAGING_DIR' not defined
configure:9410: $? = 0
configure:9432: result: yes
configure:9440: checking if mipsel-openwrt-linux-gcc -std=gnu99 supports -c -o file.o
configure:9487: result: yes
configure:9520: checking whether the mipsel-openwrt-linux-gcc -std=gnu99 linker (/home/gomma/projects/openwrt/staging_dir/toolchain-mipsel_24kec+dsp_gcc-4.8-linaro_musl-1.1.11/mipsel-openwrt-linux-musl/bin/ld) supports shared libraries
configure:10677: result: yes
configure:10714: checking whether -lc should be explicitly linked in
configure:10722: mipsel-openwrt-linux-gcc -std=gnu99 -c -g -O2  conftest.c >&5
mipsel-openwrt-linux-gcc: warning: environment variable 'STAGING_DIR' not defined
configure:10725: $? = 0
configure:10740: mipsel-openwrt-linux-gcc -std=gnu99 -shared  -fPIC -DPIC conftest.o  -v -Wl,-soname -Wl,conftest -o conftest 2\>\&1 \| /bin/grep  -lc  \>/dev/null 2\>\&1
configure:10743: $? = 0
configure:10757: result: no
configure:10917: checking dynamic linker characteristics
configure:11428: mipsel-openwrt-linux-gcc -std=gnu99 -o conftest -g -O2   -Wl,-rpath -Wl,/foo conftest.c  >&5
mipsel-openwrt-linux-gcc: warning: environment variable 'STAGING_DIR' not defined
mipsel-openwrt-linux-gcc: warning: environment variable 'STAGING_DIR' not defined
mipsel-openwrt-linux-gcc: warning: environment variable 'STAGING_DIR' not defined
configure:11428: $? = 0
configure:11662: result: GNU/Linux ld.so
configure:11769: checking how to hardcode library paths into programs
configure:11794: result: immediate
configure:12334: checking whether stripping libraries is possible
configure:12339: result: yes
configure:12374: checking if libtool supports shared libraries
configure:12376: result: yes
configure:12379: checking whether to build shared libraries
configure:12400: result: yes
configure:12403: checking whether to build static libraries
configure:12407: result: yes
configure:12464: checking arpa/inet.h usability
configure:12464: mipsel-openwrt-linux-gcc -std=gnu99 -c -g -O2  conftest.c >&5
mipsel-openwrt-linux-gcc: warning: environment variable 'STAGING_DIR' not defined
configure:12464: $? = 0
configure:12464: result: yes
configure:12464: checking arpa/inet.h presence
configure:12464: mipsel-openwrt-linux-gcc -std=gnu99 -E  conftest.c
mipsel-openwrt-linux-gcc: warning: environment variable 'STAGING_DIR' not defined
configure:12464: $? = 0
configure:12464: result: yes
configure:12464: checking for arpa/inet.h
configure:12464: result: yes
configure:12464: checking byteswap.h usability
configure:12464: mipsel-openwrt-linux-gcc -std=gnu99 -c -g -O2  conftest.c >&5
mipsel-openwrt-linux-gcc: warning: environment variable 'STAGING_DIR' not defined
configure:12464: $? = 0
configure:12464: result: yes
configure:12464: checking byteswap.h presence
configure:12464: mipsel-openwrt-linux-gcc -std=gnu99 -E  conftest.c
mipsel-openwrt-linux-gcc: warning: environment variable 'STAGING_DIR' not defined
configure:12464: $? = 0
configure:12464: result: yes
configure:12464: checking for byteswap.h
configure:12464: result: yes
configure:12464: checking errno.h usability
configure:12464: mipsel-openwrt-linux-gcc -std=gnu99 -c -g -O2  conftest.c >&5
mipsel-openwrt-linux-gcc: warning: environment variable 'STAGING_DIR' not defined
configure:12464: $? = 0
configure:12464: result: yes
configure:12464: checking errno.h presence
configure:12464: mipsel-openwrt-linux-gcc -std=gnu99 -E  conftest.c
mipsel-openwrt-linux-gcc: warning: environment variable 'STAGING_DIR' not defined
configure:12464: $? = 0
configure:12464: result: yes
configure:12464: checking for errno.h
configure:12464: result: yes
configure:12464: checking fcntl.h usability
configure:12464: mipsel-openwrt-linux-gcc -std=gnu99 -c -g -O2  conftest.c >&5
mipsel-openwrt-linux-gcc: warning: environment variable 'STAGING_DIR' not defined
configure:12464: $? = 0
configure:12464: result: yes
configure:12464: checking fcntl.h presence
configure:12464: mipsel-openwrt-linux-gcc -std=gnu99 -E  conftest.c
mipsel-openwrt-linux-gcc: warning: environment variable 'STAGING_DIR' not defined
configure:12464: $? = 0
configure:12464: result: yes
configure:12464: checking for fcntl.h
configure:12464: result: yes
configure:12464: checking limits.h usability
configure:12464: mipsel-openwrt-linux-gcc -std=gnu99 -c -g -O2  conftest.c >&5
mipsel-openwrt-linux-gcc: warning: environment variable 'STAGING_DIR' not defined
configure:12464: $? = 0
configure:12464: result: yes
configure:12464: checking limits.h presence
configure:12464: mipsel-openwrt-linux-gcc -std=gnu99 -E  conftest.c
mipsel-openwrt-linux-gcc: warning: environment variable 'STAGING_DIR' not defined
configure:12464: $? = 0
configure:12464: result: yes
configure:12464: checking for limits.h
configure:12464: result: yes
configure:12464: checking linux/serial.h usability
configure:12464: mipsel-openwrt-linux-gcc -std=gnu99 -c -g -O2  conftest.c >&5
mipsel-openwrt-linux-gcc: warning: environment variable 'STAGING_DIR' not defined
configure:12464: $? = 0
configure:12464: result: yes
configure:12464: checking linux/serial.h presence
configure:12464: mipsel-openwrt-linux-gcc -std=gnu99 -E  conftest.c
mipsel-openwrt-linux-gcc: warning: environment variable 'STAGING_DIR' not defined
configure:12464: $? = 0
configure:12464: result: yes
configure:12464: checking for linux/serial.h
configure:12464: result: yes
configure:12464: checking netdb.h usability
configure:12464: mipsel-openwrt-linux-gcc -std=gnu99 -c -g -O2  conftest.c >&5
mipsel-openwrt-linux-gcc: warning: environment variable 'STAGING_DIR' not defined
configure:12464: $? = 0
configure:12464: result: yes
configure:12464: checking netdb.h presence
configure:12464: mipsel-openwrt-linux-gcc -std=gnu99 -E  conftest.c
mipsel-openwrt-linux-gcc: warning: environment variable 'STAGING_DIR' not defined
configure:12464: $? = 0
configure:12464: result: yes
configure:12464: checking for netdb.h
configure:12464: result: yes
configure:12464: checking netinet/in.h usability
configure:12464: mipsel-openwrt-linux-gcc -std=gnu99 -c -g -O2  conftest.c >&5
mipsel-openwrt-linux-gcc: warning: environment variable 'STAGING_DIR' not defined
configure:12464: $? = 0
configure:12464: result: yes
configure:12464: checking netinet/in.h presence
configure:12464: mipsel-openwrt-linux-gcc -std=gnu99 -E  conftest.c
mipsel-openwrt-linux-gcc: warning: environment variable 'STAGING_DIR' not defined
configure:12464: $? = 0
configure:12464: result: yes
configure:12464: checking for netinet/in.h
configure:12464: result: yes
configure:12464: checking netinet/tcp.h usability
configure:12464: mipsel-openwrt-linux-gcc -std=gnu99 -c -g -O2  conftest.c >&5
mipsel-openwrt-linux-gcc: warning: environment variable 'STAGING_DIR' not defined
configure:12464: $? = 0
configure:12464: result: yes
configure:12464: checking netinet/tcp.h presence
configure:12464: mipsel-openwrt-linux-gcc -std=gnu99 -E  conftest.c
mipsel-openwrt-linux-gcc: warning: environment variable 'STAGING_DIR' not defined
configure:12464: $? = 0
configure:12464: result: yes
configure:12464: checking for netinet/tcp.h
configure:12464: result: yes
configure:12464: checking sys/ioctl.h usability
configure:12464: mipsel-openwrt-linux-gcc -std=gnu99 -c -g -O2  conftest.c >&5
mipsel-openwrt-linux-gcc: warning: environment variable 'STAGING_DIR' not defined
configure:12464: $? = 0
configure:12464: result: yes
configure:12464: checking sys/ioctl.h presence
configure:12464: mipsel-openwrt-linux-gcc -std=gnu99 -E  conftest.c
mipsel-openwrt-linux-gcc: warning: environment variable 'STAGING_DIR' not defined
configure:12464: $? = 0
configure:12464: result: yes
configure:12464: checking for sys/ioctl.h
configure:12464: result: yes
configure:12464: checking sys/socket.h usability
configure:12464: mipsel-openwrt-linux-gcc -std=gnu99 -c -g -O2  conftest.c >&5
mipsel-openwrt-linux-gcc: warning: environment variable 'STAGING_DIR' not defined
configure:12464: $? = 0
configure:12464: result: yes
configure:12464: checking sys/socket.h presence
configure:12464: mipsel-openwrt-linux-gcc -std=gnu99 -E  conftest.c
mipsel-openwrt-linux-gcc: warning: environment variable 'STAGING_DIR' not defined
configure:12464: $? = 0
configure:12464: result: yes
configure:12464: checking for sys/socket.h
configure:12464: result: yes
configure:12464: checking sys/time.h usability
configure:12464: mipsel-openwrt-linux-gcc -std=gnu99 -c -g -O2  conftest.c >&5
mipsel-openwrt-linux-gcc: warning: environment variable 'STAGING_DIR' not defined
configure:12464: $? = 0
configure:12464: result: yes
configure:12464: checking sys/time.h presence
configure:12464: mipsel-openwrt-linux-gcc -std=gnu99 -E  conftest.c
mipsel-openwrt-linux-gcc: warning: environment variable 'STAGING_DIR' not defined
configure:12464: $? = 0
configure:12464: result: yes
configure:12464: checking for sys/time.h
configure:12464: result: yes
configure:12464: checking for sys/types.h
configure:12464: result: yes
configure:12464: checking termios.h usability
configure:12464: mipsel-openwrt-linux-gcc -std=gnu99 -c -g -O2  conftest.c >&5
mipsel-openwrt-linux-gcc: warning: environment variable 'STAGING_DIR' not defined
configure:12464: $? = 0
configure:12464: result: yes
configure:12464: checking termios.h presence
configure:12464: mipsel-openwrt-linux-gcc -std=gnu99 -E  conftest.c
mipsel-openwrt-linux-gcc: warning: environment variable 'STAGING_DIR' not defined
configure:12464: $? = 0
configure:12464: result: yes
configure:12464: checking for termios.h
configure:12464: result: yes
configure:12464: checking time.h usability
configure:12464: mipsel-openwrt-linux-gcc -std=gnu99 -c -g -O2  conftest.c >&5
mipsel-openwrt-linux-gcc: warning: environment variable 'STAGING_DIR' not defined
configure:12464: $? = 0
configure:12464: result: yes
configure:12464: checking time.h presence
configure:12464: mipsel-openwrt-linux-gcc -std=gnu99 -E  conftest.c
mipsel-openwrt-linux-gcc: warning: environment variable 'STAGING_DIR' not defined
configure:12464: $? = 0
configure:12464: result: yes
configure:12464: checking for time.h
configure:12464: result: yes
configure:12464: checking for unistd.h
configure:12464: result: yes
configure:12495: checking for asciidoc
configure:12523: result: no
configure:12533: checking for xmlto
configure:12561: result: no
configure:12574: WARNING: You are building an unreleased version of libtta and asciidoc or xmlto are not installed.
configure:12576: WARNING: Documentation will not be built and manual pages will not be installed.
configure:12587: checking whether to build documentation
configure:12589: result: no
configure:12592: checking whether to install manpages
configure:12594: result: no
configure:12617: checking whether __CYGWIN__ is declared
configure:12617: mipsel-openwrt-linux-gcc -std=gnu99 -c -g -O2  conftest.c >&5
mipsel-openwrt-linux-gcc: warning: environment variable 'STAGING_DIR' not defined
conftest.c: In function 'main':
conftest.c:84:10: error: '__CYGWIN__' undeclared (first use in this function)
   (void) __CYGWIN__;
          ^
conftest.c:84:10: note: each undeclared identifier is reported only once for each function it appears in
configure:12617: $? = 1
configure: failed program was:
| /* confdefs.h */
| #define PACKAGE_NAME "libtta"
| #define PACKAGE_TARNAME "libtta"
| #define PACKAGE_VERSION "1.0.0"
| #define PACKAGE_STRING "libtta 1.0.0"
| #define PACKAGE_BUGREPORT "https://github.com/stephane/libtta/issues"
| #define PACKAGE_URL "http://libtta.org/"
| #define PACKAGE "libtta"
| #define VERSION "1.0.0"
| #define STDC_HEADERS 1
| #define HAVE_SYS_TYPES_H 1
| #define HAVE_SYS_STAT_H 1
| #define HAVE_STDLIB_H 1
| #define HAVE_STRING_H 1
| #define HAVE_MEMORY_H 1
| #define HAVE_STRINGS_H 1
| #define HAVE_INTTYPES_H 1
| #define HAVE_STDINT_H 1
| #define HAVE_UNISTD_H 1
| #define __EXTENSIONS__ 1
| #define _ALL_SOURCE 1
| #define _GNU_SOURCE 1
| #define _POSIX_PTHREAD_SEMANTICS 1
| #define _TANDEM_SOURCE 1
| #define HAVE_DLFCN_H 1
| #define LT_OBJDIR ".libs/"
| #define HAVE_ARPA_INET_H 1
| #define HAVE_BYTESWAP_H 1
| #define HAVE_ERRNO_H 1
| #define HAVE_FCNTL_H 1
| #define HAVE_LIMITS_H 1
| #define HAVE_LINUX_SERIAL_H 1
| #define HAVE_NETDB_H 1
| #define HAVE_NETINET_IN_H 1
| #define HAVE_NETINET_TCP_H 1
| #define HAVE_SYS_IOCTL_H 1
| #define HAVE_SYS_SOCKET_H 1
| #define HAVE_SYS_TIME_H 1
| #define HAVE_SYS_TYPES_H 1
| #define HAVE_TERMIOS_H 1
| #define HAVE_TIME_H 1
| #define HAVE_UNISTD_H 1
| /* end confdefs.h.  */
| #include <stdio.h>
| #ifdef HAVE_SYS_TYPES_H
| # include <sys/types.h>
| #endif
| #ifdef HAVE_SYS_STAT_H
| # include <sys/stat.h>
| #endif
| #ifdef STDC_HEADERS
| # include <stdlib.h>
| # include <stddef.h>
| #else
| # ifdef HAVE_STDLIB_H
| #  include <stdlib.h>
| # endif
| #endif
| #ifdef HAVE_STRING_H
| # if !defined STDC_HEADERS && defined HAVE_MEMORY_H
| #  include <memory.h>
| # endif
| # include <string.h>
| #endif
| #ifdef HAVE_STRINGS_H
| # include <strings.h>
| #endif
| #ifdef HAVE_INTTYPES_H
| # include <inttypes.h>
| #endif
| #ifdef HAVE_STDINT_H
| # include <stdint.h>
| #endif
| #ifdef HAVE_UNISTD_H
| # include <unistd.h>
| #endif
| int
| main ()
| {
| #ifndef __CYGWIN__
| #ifdef __cplusplus
|   (void) __CYGWIN__;
| #else
|   (void) __CYGWIN__;
| #endif
| #endif
| 
|   ;
|   return 0;
| }
configure:12617: result: no
configure:12630: checking for pid_t
configure:12630: mipsel-openwrt-linux-gcc -std=gnu99 -c -g -O2  conftest.c >&5
mipsel-openwrt-linux-gcc: warning: environment variable 'STAGING_DIR' not defined
configure:12630: $? = 0
configure:12630: mipsel-openwrt-linux-gcc -std=gnu99 -c -g -O2  conftest.c >&5
mipsel-openwrt-linux-gcc: warning: environment variable 'STAGING_DIR' not defined
conftest.c: In function 'main':
conftest.c:81:20: error: expected expression before ')' token
 if (sizeof ((pid_t)))
                    ^
configure:12630: $? = 1
configure: failed program was:
| /* confdefs.h */
| #define PACKAGE_NAME "libtta"
| #define PACKAGE_TARNAME "libtta"
| #define PACKAGE_VERSION "1.0.0"
| #define PACKAGE_STRING "libtta 1.0.0"
| #define PACKAGE_BUGREPORT "https://github.com/stephane/libtta/issues"
| #define PACKAGE_URL "http://libtta.org/"
| #define PACKAGE "libtta"
| #define VERSION "1.0.0"
| #define STDC_HEADERS 1
| #define HAVE_SYS_TYPES_H 1
| #define HAVE_SYS_STAT_H 1
| #define HAVE_STDLIB_H 1
| #define HAVE_STRING_H 1
| #define HAVE_MEMORY_H 1
| #define HAVE_STRINGS_H 1
| #define HAVE_INTTYPES_H 1
| #define HAVE_STDINT_H 1
| #define HAVE_UNISTD_H 1
| #define __EXTENSIONS__ 1
| #define _ALL_SOURCE 1
| #define _GNU_SOURCE 1
| #define _POSIX_PTHREAD_SEMANTICS 1
| #define _TANDEM_SOURCE 1
| #define HAVE_DLFCN_H 1
| #define LT_OBJDIR ".libs/"
| #define HAVE_ARPA_INET_H 1
| #define HAVE_BYTESWAP_H 1
| #define HAVE_ERRNO_H 1
| #define HAVE_FCNTL_H 1
| #define HAVE_LIMITS_H 1
| #define HAVE_LINUX_SERIAL_H 1
| #define HAVE_NETDB_H 1
| #define HAVE_NETINET_IN_H 1
| #define HAVE_NETINET_TCP_H 1
| #define HAVE_SYS_IOCTL_H 1
| #define HAVE_SYS_SOCKET_H 1
| #define HAVE_SYS_TIME_H 1
| #define HAVE_SYS_TYPES_H 1
| #define HAVE_TERMIOS_H 1
| #define HAVE_TIME_H 1
| #define HAVE_UNISTD_H 1
| #define HAVE_DECL___CYGWIN__ 0
| /* end confdefs.h.  */
| #include <stdio.h>
| #ifdef HAVE_SYS_TYPES_H
| # include <sys/types.h>
| #endif
| #ifdef HAVE_SYS_STAT_H
| # include <sys/stat.h>
| #endif
| #ifdef STDC_HEADERS
| # include <stdlib.h>
| # include <stddef.h>
| #else
| # ifdef HAVE_STDLIB_H
| #  include <stdlib.h>
| # endif
| #endif
| #ifdef HAVE_STRING_H
| # if !defined STDC_HEADERS && defined HAVE_MEMORY_H
| #  include <memory.h>
| # endif
| # include <string.h>
| #endif
| #ifdef HAVE_STRINGS_H
| # include <strings.h>
| #endif
| #ifdef HAVE_INTTYPES_H
| # include <inttypes.h>
| #endif
| #ifdef HAVE_STDINT_H
| # include <stdint.h>
| #endif
| #ifdef HAVE_UNISTD_H
| # include <unistd.h>
| #endif
| int
| main ()
| {
| if (sizeof ((pid_t)))
| 	    return 0;
|   ;
|   return 0;
| }
configure:12630: result: yes
configure:12643: checking vfork.h usability
configure:12643: mipsel-openwrt-linux-gcc -std=gnu99 -c -g -O2  conftest.c >&5
mipsel-openwrt-linux-gcc: warning: environment variable 'STAGING_DIR' not defined
conftest.c:78:19: fatal error: vfork.h: No such file or directory
 #include <vfork.h>
                   ^
compilation terminated.
configure:12643: $? = 1
configure: failed program was:
| /* confdefs.h */
| #define PACKAGE_NAME "libtta"
| #define PACKAGE_TARNAME "libtta"
| #define PACKAGE_VERSION "1.0.0"
| #define PACKAGE_STRING "libtta 1.0.0"
| #define PACKAGE_BUGREPORT "https://github.com/stephane/libtta/issues"
| #define PACKAGE_URL "http://libtta.org/"
| #define PACKAGE "libtta"
| #define VERSION "1.0.0"
| #define STDC_HEADERS 1
| #define HAVE_SYS_TYPES_H 1
| #define HAVE_SYS_STAT_H 1
| #define HAVE_STDLIB_H 1
| #define HAVE_STRING_H 1
| #define HAVE_MEMORY_H 1
| #define HAVE_STRINGS_H 1
| #define HAVE_INTTYPES_H 1
| #define HAVE_STDINT_H 1
| #define HAVE_UNISTD_H 1
| #define __EXTENSIONS__ 1
| #define _ALL_SOURCE 1
| #define _GNU_SOURCE 1
| #define _POSIX_PTHREAD_SEMANTICS 1
| #define _TANDEM_SOURCE 1
| #define HAVE_DLFCN_H 1
| #define LT_OBJDIR ".libs/"
| #define HAVE_ARPA_INET_H 1
| #define HAVE_BYTESWAP_H 1
| #define HAVE_ERRNO_H 1
| #define HAVE_FCNTL_H 1
| #define HAVE_LIMITS_H 1
| #define HAVE_LINUX_SERIAL_H 1
| #define HAVE_NETDB_H 1
| #define HAVE_NETINET_IN_H 1
| #define HAVE_NETINET_TCP_H 1
| #define HAVE_SYS_IOCTL_H 1
| #define HAVE_SYS_SOCKET_H 1
| #define HAVE_SYS_TIME_H 1
| #define HAVE_SYS_TYPES_H 1
| #define HAVE_TERMIOS_H 1
| #define HAVE_TIME_H 1
| #define HAVE_UNISTD_H 1
| #define HAVE_DECL___CYGWIN__ 0
| /* end confdefs.h.  */
| #include <stdio.h>
| #ifdef HAVE_SYS_TYPES_H
| # include <sys/types.h>
| #endif
| #ifdef HAVE_SYS_STAT_H
| # include <sys/stat.h>
| #endif
| #ifdef STDC_HEADERS
| # include <stdlib.h>
| # include <stddef.h>
| #else
| # ifdef HAVE_STDLIB_H
| #  include <stdlib.h>
| # endif
| #endif
| #ifdef HAVE_STRING_H
| # if !defined STDC_HEADERS && defined HAVE_MEMORY_H
| #  include <memory.h>
| # endif
| # include <string.h>
| #endif
| #ifdef HAVE_STRINGS_H
| # include <strings.h>
| #endif
| #ifdef HAVE_INTTYPES_H
| # include <inttypes.h>
| #endif
| #ifdef HAVE_STDINT_H
| # include <stdint.h>
| #endif
| #ifdef HAVE_UNISTD_H
| # include <unistd.h>
| #endif
| #include <vfork.h>
configure:12643: result: no
configure:12643: checking vfork.h presence
configure:12643: mipsel-openwrt-linux-gcc -std=gnu99 -E  conftest.c
mipsel-openwrt-linux-gcc: warning: environment variable 'STAGING_DIR' not defined
conftest.c:45:19: fatal error: vfork.h: No such file or directory
 #include <vfork.h>
                   ^
compilation terminated.
configure:12643: $? = 1
configure: failed program was:
| /* confdefs.h */
| #define PACKAGE_NAME "libtta"
| #define PACKAGE_TARNAME "libtta"
| #define PACKAGE_VERSION "1.0.0"
| #define PACKAGE_STRING "libtta 1.0.0"
| #define PACKAGE_BUGREPORT "https://github.com/stephane/libtta/issues"
| #define PACKAGE_URL "http://libtta.org/"
| #define PACKAGE "libtta"
| #define VERSION "1.0.0"
| #define STDC_HEADERS 1
| #define HAVE_SYS_TYPES_H 1
| #define HAVE_SYS_STAT_H 1
| #define HAVE_STDLIB_H 1
| #define HAVE_STRING_H 1
| #define HAVE_MEMORY_H 1
| #define HAVE_STRINGS_H 1
| #define HAVE_INTTYPES_H 1
| #define HAVE_STDINT_H 1
| #define HAVE_UNISTD_H 1
| #define __EXTENSIONS__ 1
| #define _ALL_SOURCE 1
| #define _GNU_SOURCE 1
| #define _POSIX_PTHREAD_SEMANTICS 1
| #define _TANDEM_SOURCE 1
| #define HAVE_DLFCN_H 1
| #define LT_OBJDIR ".libs/"
| #define HAVE_ARPA_INET_H 1
| #define HAVE_BYTESWAP_H 1
| #define HAVE_ERRNO_H 1
| #define HAVE_FCNTL_H 1
| #define HAVE_LIMITS_H 1
| #define HAVE_LINUX_SERIAL_H 1
| #define HAVE_NETDB_H 1
| #define HAVE_NETINET_IN_H 1
| #define HAVE_NETINET_TCP_H 1
| #define HAVE_SYS_IOCTL_H 1
| #define HAVE_SYS_SOCKET_H 1
| #define HAVE_SYS_TIME_H 1
| #define HAVE_SYS_TYPES_H 1
| #define HAVE_TERMIOS_H 1
| #define HAVE_TIME_H 1
| #define HAVE_UNISTD_H 1
| #define HAVE_DECL___CYGWIN__ 0
| /* end confdefs.h.  */
| #include <vfork.h>
configure:12643: result: no
configure:12643: checking for vfork.h
configure:12643: result: no
configure:12656: checking for fork
configure:12656: mipsel-openwrt-linux-gcc -std=gnu99 -o conftest -g -O2   conftest.c  >&5
mipsel-openwrt-linux-gcc: warning: environment variable 'STAGING_DIR' not defined
conftest.c:68:6: warning: conflicting types for built-in function 'fork' [enabled by default]
 char fork ();
      ^
mipsel-openwrt-linux-gcc: warning: environment variable 'STAGING_DIR' not defined
mipsel-openwrt-linux-gcc: warning: environment variable 'STAGING_DIR' not defined
configure:12656: $? = 0
configure:12656: result: yes
configure:12656: checking for vfork
configure:12656: mipsel-openwrt-linux-gcc -std=gnu99 -o conftest -g -O2   conftest.c  >&5
mipsel-openwrt-linux-gcc: warning: environment variable 'STAGING_DIR' not defined
mipsel-openwrt-linux-gcc: warning: environment variable 'STAGING_DIR' not defined
mipsel-openwrt-linux-gcc: warning: environment variable 'STAGING_DIR' not defined
configure:12656: $? = 0
configure:12656: result: yes
configure:12666: checking for working fork
configure:12698: result: cross
configure:12714: WARNING: result yes guessed because of cross compilation
configure:12719: checking for working vfork
configure:12829: result: yes
configure:12857: checking for accept4
configure:12857: mipsel-openwrt-linux-gcc -std=gnu99 -o conftest -g -O2   conftest.c  >&5
mipsel-openwrt-linux-gcc: warning: environment variable 'STAGING_DIR' not defined
mipsel-openwrt-linux-gcc: warning: environment variable 'STAGING_DIR' not defined
mipsel-openwrt-linux-gcc: warning: environment variable 'STAGING_DIR' not defined
configure:12857: $? = 0
configure:12857: result: yes
configure:12857: checking for getaddrinfo
configure:12857: mipsel-openwrt-linux-gcc -std=gnu99 -o conftest -g -O2   conftest.c  >&5
mipsel-openwrt-linux-gcc: warning: environment variable 'STAGING_DIR' not defined
mipsel-openwrt-linux-gcc: warning: environment variable 'STAGING_DIR' not defined
mipsel-openwrt-linux-gcc: warning: environment variable 'STAGING_DIR' not defined
configure:12857: $? = 0
configure:12857: result: yes
configure:12857: checking for gettimeofday
configure:12857: mipsel-openwrt-linux-gcc -std=gnu99 -o conftest -g -O2   conftest.c  >&5
mipsel-openwrt-linux-gcc: warning: environment variable 'STAGING_DIR' not defined
mipsel-openwrt-linux-gcc: warning: environment variable 'STAGING_DIR' not defined
mipsel-openwrt-linux-gcc: warning: environment variable 'STAGING_DIR' not defined
configure:12857: $? = 0
configure:12857: result: yes
configure:12857: checking for inet_ntoa
configure:12857: mipsel-openwrt-linux-gcc -std=gnu99 -o conftest -g -O2   conftest.c  >&5
mipsel-openwrt-linux-gcc: warning: environment variable 'STAGING_DIR' not defined
mipsel-openwrt-linux-gcc: warning: environment variable 'STAGING_DIR' not defined
mipsel-openwrt-linux-gcc: warning: environment variable 'STAGING_DIR' not defined
configure:12857: $? = 0
configure:12857: result: yes
configure:12857: checking for memset
configure:12857: mipsel-openwrt-linux-gcc -std=gnu99 -o conftest -g -O2   conftest.c  >&5
mipsel-openwrt-linux-gcc: warning: environment variable 'STAGING_DIR' not defined
conftest.c:76:6: warning: conflicting types for built-in function 'memset' [enabled by default]
 char memset ();
      ^
mipsel-openwrt-linux-gcc: warning: environment variable 'STAGING_DIR' not defined
mipsel-openwrt-linux-gcc: warning: environment variable 'STAGING_DIR' not defined
configure:12857: $? = 0
configure:12857: result: yes
configure:12857: checking for select
configure:12857: mipsel-openwrt-linux-gcc -std=gnu99 -o conftest -g -O2   conftest.c  >&5
mipsel-openwrt-linux-gcc: warning: environment variable 'STAGING_DIR' not defined
mipsel-openwrt-linux-gcc: warning: environment variable 'STAGING_DIR' not defined
mipsel-openwrt-linux-gcc: warning: environment variable 'STAGING_DIR' not defined
configure:12857: $? = 0
configure:12857: result: yes
configure:12857: checking for socket
configure:12857: mipsel-openwrt-linux-gcc -std=gnu99 -o conftest -g -O2   conftest.c  >&5
mipsel-openwrt-linux-gcc: warning: environment variable 'STAGING_DIR' not defined
mipsel-openwrt-linux-gcc: warning: environment variable 'STAGING_DIR' not defined
mipsel-openwrt-linux-gcc: warning: environment variable 'STAGING_DIR' not defined
configure:12857: $? = 0
configure:12857: result: yes
configure:12857: checking for strerror
configure:12857: mipsel-openwrt-linux-gcc -std=gnu99 -o conftest -g -O2   conftest.c  >&5
mipsel-openwrt-linux-gcc: warning: environment variable 'STAGING_DIR' not defined
mipsel-openwrt-linux-gcc: warning: environment variable 'STAGING_DIR' not defined
mipsel-openwrt-linux-gcc: warning: environment variable 'STAGING_DIR' not defined
configure:12857: $? = 0
configure:12857: result: yes
configure:12857: checking for strlcpy
configure:12857: mipsel-openwrt-linux-gcc -std=gnu99 -o conftest -g -O2   conftest.c  >&5
mipsel-openwrt-linux-gcc: warning: environment variable 'STAGING_DIR' not defined
mipsel-openwrt-linux-gcc: warning: environment variable 'STAGING_DIR' not defined
mipsel-openwrt-linux-gcc: warning: environment variable 'STAGING_DIR' not defined
configure:12857: $? = 0
configure:12857: result: yes
configure:12870: checking winsock2.h usability
configure:12870: mipsel-openwrt-linux-gcc -std=gnu99 -c -g -O2  conftest.c >&5
mipsel-openwrt-linux-gcc: warning: environment variable 'STAGING_DIR' not defined
conftest.c:91:22: fatal error: winsock2.h: No such file or directory
 #include <winsock2.h>
                      ^
compilation terminated.
configure:12870: $? = 1
configure: failed program was:
| /* confdefs.h */
| #define PACKAGE_NAME "libtta"
| #define PACKAGE_TARNAME "libtta"
| #define PACKAGE_VERSION "1.0.0"
| #define PACKAGE_STRING "libtta 1.0.0"
| #define PACKAGE_BUGREPORT "https://github.com/stephane/libtta/issues"
| #define PACKAGE_URL "http://libtta.org/"
| #define PACKAGE "libtta"
| #define VERSION "1.0.0"
| #define STDC_HEADERS 1
| #define HAVE_SYS_TYPES_H 1
| #define HAVE_SYS_STAT_H 1
| #define HAVE_STDLIB_H 1
| #define HAVE_STRING_H 1
| #define HAVE_MEMORY_H 1
| #define HAVE_STRINGS_H 1
| #define HAVE_INTTYPES_H 1
| #define HAVE_STDINT_H 1
| #define HAVE_UNISTD_H 1
| #define __EXTENSIONS__ 1
| #define _ALL_SOURCE 1
| #define _GNU_SOURCE 1
| #define _POSIX_PTHREAD_SEMANTICS 1
| #define _TANDEM_SOURCE 1
| #define HAVE_DLFCN_H 1
| #define LT_OBJDIR ".libs/"
| #define HAVE_ARPA_INET_H 1
| #define HAVE_BYTESWAP_H 1
| #define HAVE_ERRNO_H 1
| #define HAVE_FCNTL_H 1
| #define HAVE_LIMITS_H 1
| #define HAVE_LINUX_SERIAL_H 1
| #define HAVE_NETDB_H 1
| #define HAVE_NETINET_IN_H 1
| #define HAVE_NETINET_TCP_H 1
| #define HAVE_SYS_IOCTL_H 1
| #define HAVE_SYS_SOCKET_H 1
| #define HAVE_SYS_TIME_H 1
| #define HAVE_SYS_TYPES_H 1
| #define HAVE_TERMIOS_H 1
| #define HAVE_TIME_H 1
| #define HAVE_UNISTD_H 1
| #define HAVE_DECL___CYGWIN__ 0
| #define HAVE_FORK 1
| #define HAVE_VFORK 1
| #define HAVE_WORKING_VFORK 1
| #define HAVE_WORKING_FORK 1
| #define HAVE_ACCEPT4 1
| #define HAVE_GETADDRINFO 1
| #define HAVE_GETTIMEOFDAY 1
| #define HAVE_INET_NTOA 1
| #define HAVE_MEMSET 1
| #define HAVE_SELECT 1
| #define HAVE_SOCKET 1
| #define HAVE_STRERROR 1
| #define HAVE_STRLCPY 1
| /* end confdefs.h.  */
| #include <stdio.h>
| #ifdef HAVE_SYS_TYPES_H
| # include <sys/types.h>
| #endif
| #ifdef HAVE_SYS_STAT_H
| # include <sys/stat.h>
| #endif
| #ifdef STDC_HEADERS
| # include <stdlib.h>
| # include <stddef.h>
| #else
| # ifdef HAVE_STDLIB_H
| #  include <stdlib.h>
| # endif
| #endif
| #ifdef HAVE_STRING_H
| # if !defined STDC_HEADERS && defined HAVE_MEMORY_H
| #  include <memory.h>
| # endif
| # include <string.h>
| #endif
| #ifdef HAVE_STRINGS_H
| # include <strings.h>
| #endif
| #ifdef HAVE_INTTYPES_H
| # include <inttypes.h>
| #endif
| #ifdef HAVE_STDINT_H
| # include <stdint.h>
| #endif
| #ifdef HAVE_UNISTD_H
| # include <unistd.h>
| #endif
| #include <winsock2.h>
configure:12870: result: no
configure:12870: checking winsock2.h presence
configure:12870: mipsel-openwrt-linux-gcc -std=gnu99 -E  conftest.c
mipsel-openwrt-linux-gcc: warning: environment variable 'STAGING_DIR' not defined
conftest.c:58:22: fatal error: winsock2.h: No such file or directory
 #include <winsock2.h>
                      ^
compilation terminated.
configure:12870: $? = 1
configure: failed program was:
| /* confdefs.h */
| #define PACKAGE_NAME "libtta"
| #define PACKAGE_TARNAME "libtta"
| #define PACKAGE_VERSION "1.0.0"
| #define PACKAGE_STRING "libtta 1.0.0"
| #define PACKAGE_BUGREPORT "https://github.com/stephane/libtta/issues"
| #define PACKAGE_URL "http://libtta.org/"
| #define PACKAGE "libtta"
| #define VERSION "1.0.0"
| #define STDC_HEADERS 1
| #define HAVE_SYS_TYPES_H 1
| #define HAVE_SYS_STAT_H 1
| #define HAVE_STDLIB_H 1
| #define HAVE_STRING_H 1
| #define HAVE_MEMORY_H 1
| #define HAVE_STRINGS_H 1
| #define HAVE_INTTYPES_H 1
| #define HAVE_STDINT_H 1
| #define HAVE_UNISTD_H 1
| #define __EXTENSIONS__ 1
| #define _ALL_SOURCE 1
| #define _GNU_SOURCE 1
| #define _POSIX_PTHREAD_SEMANTICS 1
| #define _TANDEM_SOURCE 1
| #define HAVE_DLFCN_H 1
| #define LT_OBJDIR ".libs/"
| #define HAVE_ARPA_INET_H 1
| #define HAVE_BYTESWAP_H 1
| #define HAVE_ERRNO_H 1
| #define HAVE_FCNTL_H 1
| #define HAVE_LIMITS_H 1
| #define HAVE_LINUX_SERIAL_H 1
| #define HAVE_NETDB_H 1
| #define HAVE_NETINET_IN_H 1
| #define HAVE_NETINET_TCP_H 1
| #define HAVE_SYS_IOCTL_H 1
| #define HAVE_SYS_SOCKET_H 1
| #define HAVE_SYS_TIME_H 1
| #define HAVE_SYS_TYPES_H 1
| #define HAVE_TERMIOS_H 1
| #define HAVE_TIME_H 1
| #define HAVE_UNISTD_H 1
| #define HAVE_DECL___CYGWIN__ 0
| #define HAVE_FORK 1
| #define HAVE_VFORK 1
| #define HAVE_WORKING_VFORK 1
| #define HAVE_WORKING_FORK 1
| #define HAVE_ACCEPT4 1
| #define HAVE_GETADDRINFO 1
| #define HAVE_GETTIMEOFDAY 1
| #define HAVE_INET_NTOA 1
| #define HAVE_MEMSET 1
| #define HAVE_SELECT 1
| #define HAVE_SOCKET 1
| #define HAVE_STRERROR 1
| #define HAVE_STRLCPY 1
| /* end confdefs.h.  */
| #include <winsock2.h>
configure:12870: result: no
configure:12870: checking for winsock2.h
configure:12870: result: no
configure:12886: checking whether TIOCSRS485 is declared
configure:12886: mipsel-openwrt-linux-gcc -std=gnu99 -c -g -O2  conftest.c >&5
mipsel-openwrt-linux-gcc: warning: environment variable 'STAGING_DIR' not defined
conftest.c: In function 'main':
conftest.c:67:10: error: 'TIOCSRS485' undeclared (first use in this function)
   (void) TIOCSRS485;
          ^
conftest.c:67:10: note: each undeclared identifier is reported only once for each function it appears in
configure:12886: $? = 1
configure: failed program was:
| /* confdefs.h */
| #define PACKAGE_NAME "libtta"
| #define PACKAGE_TARNAME "libtta"
| #define PACKAGE_VERSION "1.0.0"
| #define PACKAGE_STRING "libtta 1.0.0"
| #define PACKAGE_BUGREPORT "https://github.com/stephane/libtta/issues"
| #define PACKAGE_URL "http://libtta.org/"
| #define PACKAGE "libtta"
| #define VERSION "1.0.0"
| #define STDC_HEADERS 1
| #define HAVE_SYS_TYPES_H 1
| #define HAVE_SYS_STAT_H 1
| #define HAVE_STDLIB_H 1
| #define HAVE_STRING_H 1
| #define HAVE_MEMORY_H 1
| #define HAVE_STRINGS_H 1
| #define HAVE_INTTYPES_H 1
| #define HAVE_STDINT_H 1
| #define HAVE_UNISTD_H 1
| #define __EXTENSIONS__ 1
| #define _ALL_SOURCE 1
| #define _GNU_SOURCE 1
| #define _POSIX_PTHREAD_SEMANTICS 1
| #define _TANDEM_SOURCE 1
| #define HAVE_DLFCN_H 1
| #define LT_OBJDIR ".libs/"
| #define HAVE_ARPA_INET_H 1
| #define HAVE_BYTESWAP_H 1
| #define HAVE_ERRNO_H 1
| #define HAVE_FCNTL_H 1
| #define HAVE_LIMITS_H 1
| #define HAVE_LINUX_SERIAL_H 1
| #define HAVE_NETDB_H 1
| #define HAVE_NETINET_IN_H 1
| #define HAVE_NETINET_TCP_H 1
| #define HAVE_SYS_IOCTL_H 1
| #define HAVE_SYS_SOCKET_H 1
| #define HAVE_SYS_TIME_H 1
| #define HAVE_SYS_TYPES_H 1
| #define HAVE_TERMIOS_H 1
| #define HAVE_TIME_H 1
| #define HAVE_UNISTD_H 1
| #define HAVE_DECL___CYGWIN__ 0
| #define HAVE_FORK 1
| #define HAVE_VFORK 1
| #define HAVE_WORKING_VFORK 1
| #define HAVE_WORKING_FORK 1
| #define HAVE_ACCEPT4 1
| #define HAVE_GETADDRINFO 1
| #define HAVE_GETTIMEOFDAY 1
| #define HAVE_INET_NTOA 1
| #define HAVE_MEMSET 1
| #define HAVE_SELECT 1
| #define HAVE_SOCKET 1
| #define HAVE_STRERROR 1
| #define HAVE_STRLCPY 1
| /* end confdefs.h.  */
| #include <sys/ioctl.h>
| 
| int
| main ()
| {
| #ifndef TIOCSRS485
| #ifdef __cplusplus
|   (void) TIOCSRS485;
| #else
|   (void) TIOCSRS485;
| #endif
| #endif
| 
|   ;
|   return 0;
| }
configure:12886: result: no
configure:12899: checking whether TIOCM_RTS is declared
configure:12899: mipsel-openwrt-linux-gcc -std=gnu99 -c -g -O2  conftest.c >&5
mipsel-openwrt-linux-gcc: warning: environment variable 'STAGING_DIR' not defined
configure:12899: $? = 0
configure:12899: result: yes
configure:13072: creating ./config.status

## ---------------------- ##
## Running config.status. ##
## ---------------------- ##

This file was extended by libtta config.status 1.0.0, which was
generated by GNU Autoconf 2.68.  Invocation command line was

  CONFIG_FILES    = 
  CONFIG_HEADERS  = 
  CONFIG_LINKS    = 
  CONFIG_COMMANDS = 
  $ ./config.status 

on cloud

config.status:1157: creating Makefile
config.status:1157: creating src/Makefile
config.status:1157: creating src/tta_version.h
config.status:1157: creating src/win32/tta.dll.manifest
config.status:1157: creating doc/Makefile
config.status:1157: creating tests/Makefile
config.status:1157: creating libtta.pc
config.status:1157: creating libtta.spec
config.status:1157: creating config.h
config.status:1157: creating tests/unit_test.h
config.status:1338: tests/unit_test.h is unchanged
config.status:1386: executing depfiles commands
config.status:1386: executing libtool commands
configure:15336: result:
        libtta 1.0.0
        ===============

        prefix:                 /home/gomma/projects/openwrt/dl/libtta/install
        sysconfdir:             ${prefix}/etc
        libdir:                 ${exec_prefix}/lib
        includedir:             ${prefix}/include

        compiler:               mipsel-openwrt-linux-gcc -std=gnu99
        cflags:                 -g -O2
        ldflags:                


## ---------------- ##
## Cache variables. ##
## ---------------- ##

ac_cv_build=i686-pc-linux-gnu
ac_cv_c_compiler_gnu=yes
ac_cv_env_CC_set=set
ac_cv_env_CC_value=mipsel-openwrt-linux-gcc
ac_cv_env_CFLAGS_set=
ac_cv_env_CFLAGS_value=
ac_cv_env_CPPFLAGS_set=
ac_cv_env_CPPFLAGS_value=
ac_cv_env_CPP_set=
ac_cv_env_CPP_value=
ac_cv_env_LDFLAGS_set=
ac_cv_env_LDFLAGS_value=
ac_cv_env_LIBS_set=
ac_cv_env_LIBS_value=
ac_cv_env_build_alias_set=set
ac_cv_env_build_alias_value=i686-pc-linux-gnu
ac_cv_env_host_alias_set=set
ac_cv_env_host_alias_value=mipsel-linux
ac_cv_env_target_alias_set=set
ac_cv_env_target_alias_value=mipsel-linux
ac_cv_func_accept4=yes
ac_cv_func_fork=yes
ac_cv_func_fork_works=yes
ac_cv_func_getaddrinfo=yes
ac_cv_func_gettimeofday=yes
ac_cv_func_inet_ntoa=yes
ac_cv_func_memset=yes
ac_cv_func_select=yes
ac_cv_func_socket=yes
ac_cv_func_strerror=yes
ac_cv_func_strlcpy=yes
ac_cv_func_vfork=yes
ac_cv_func_vfork_works=yes
ac_cv_have_decl_TIOCM_RTS=yes
ac_cv_have_decl_TIOCSRS485=no
ac_cv_have_decl___CYGWIN__=no
ac_cv_header_arpa_inet_h=yes
ac_cv_header_byteswap_h=yes
ac_cv_header_dlfcn_h=yes
ac_cv_header_errno_h=yes
ac_cv_header_fcntl_h=yes
ac_cv_header_inttypes_h=yes
ac_cv_header_limits_h=yes
ac_cv_header_linux_serial_h=yes
ac_cv_header_memory_h=yes
ac_cv_header_minix_config_h=no
ac_cv_header_netdb_h=yes
ac_cv_header_netinet_in_h=yes
ac_cv_header_netinet_tcp_h=yes
ac_cv_header_stdc=yes
ac_cv_header_stdint_h=yes
ac_cv_header_stdlib_h=yes
ac_cv_header_string_h=yes
ac_cv_header_strings_h=yes
ac_cv_header_sys_ioctl_h=yes
ac_cv_header_sys_socket_h=yes
ac_cv_header_sys_stat_h=yes
ac_cv_header_sys_time_h=yes
ac_cv_header_sys_types_h=yes
ac_cv_header_termios_h=yes
ac_cv_header_time_h=yes
ac_cv_header_unistd_h=yes
ac_cv_header_vfork_h=no
ac_cv_header_winsock2_h=no
ac_cv_host=mipsel-unknown-linux-gnu
ac_cv_objext=o
ac_cv_path_EGREP='/bin/grep -E'
ac_cv_path_FGREP='/bin/grep -F'
ac_cv_path_GREP=/bin/grep
ac_cv_path_SED=/bin/sed
ac_cv_path_install='/usr/bin/install -c'
ac_cv_path_mkdir=/bin/mkdir
ac_cv_prog_AR=mipsel-openwrt-linux-ar
ac_cv_prog_AWK=gawk
ac_cv_prog_CC=mipsel-openwrt-linux-gcc
ac_cv_prog_CPP='mipsel-openwrt-linux-gcc -std=gnu99 -E'
ac_cv_prog_RANLIB=mipsel-openwrt-linux-ranlib
ac_cv_prog_STRIP=mipsel-openwrt-linux-strip
ac_cv_prog_ac_ct_DUMPBIN='link -dump'
ac_cv_prog_ac_ct_MANIFEST_TOOL=mt
ac_cv_prog_ac_ct_OBJDUMP=objdump
ac_cv_prog_ac_libtta_have_asciidoc=no
ac_cv_prog_ac_libtta_have_xmlto=no
ac_cv_prog_cc_c89=
ac_cv_prog_cc_c99=-std=gnu99
ac_cv_prog_cc_g=yes
ac_cv_prog_cc_stdc=-std=gnu99
ac_cv_prog_make_make_set=yes
ac_cv_safe_to_define___extensions__=yes
ac_cv_sys_file_offset_bits=no
ac_cv_sys_largefile_CC=no
ac_cv_type_pid_t=yes
am_cv_CC_dependencies_compiler_type=gcc3
am_cv_make_support_nested_variables=yes
am_cv_prog_tar_pax=gnutar
lt_cv_ar_at_file=@
lt_cv_archive_cmds_need_lc=no
lt_cv_deplibs_check_method=pass_all
lt_cv_file_magic_cmd='$MAGIC_CMD'
lt_cv_file_magic_test_file=
lt_cv_ld_reload_flag=-r
lt_cv_nm_interface='BSD nm'
lt_cv_objdir=.libs
lt_cv_path_LD=/home/gomma/projects/openwrt/staging_dir/toolchain-mipsel_24kec+dsp_gcc-4.8-linaro_musl-1.1.11/mipsel-openwrt-linux-musl/bin/ld
lt_cv_path_NM=no
lt_cv_path_mainfest_tool=no
lt_cv_prog_compiler_c_o=yes
lt_cv_prog_compiler_pic='-fPIC -DPIC'
lt_cv_prog_compiler_pic_works=yes
lt_cv_prog_compiler_rtti_exceptions=no
lt_cv_prog_compiler_static_works=yes
lt_cv_prog_gnu_ld=yes
lt_cv_sharedlib_from_linklib_cmd='printf %s\n'
lt_cv_shlibpath_overrides_runpath=no
lt_cv_sys_global_symbol_pipe='sed -n -e '\''s/^.*[	 ]\([ABCDGIRSTW][ABCDGIRSTW]*\)[	 ][	 ]*\([_A-Za-z][_A-Za-z0-9]*\)$/\1 \2 \2/p'\'' | sed '\''/ __gnu_lto/d'\'''
lt_cv_sys_global_symbol_to_c_name_address='sed -n -e '\''s/^: \([^ ]*\)[ ]*$/  {\"\1\", (void *) 0},/p'\'' -e '\''s/^[ABCDGIRSTW]* \([^ ]*\) \([^ ]*\)$/  {"\2", (void *) \&\2},/p'\'''
lt_cv_sys_global_symbol_to_c_name_address_lib_prefix='sed -n -e '\''s/^: \([^ ]*\)[ ]*$/  {\"\1\", (void *) 0},/p'\'' -e '\''s/^[ABCDGIRSTW]* \([^ ]*\) \(lib[^ ]*\)$/  {"\2", (void *) \&\2},/p'\'' -e '\''s/^[ABCDGIRSTW]* \([^ ]*\) \([^ ]*\)$/  {"lib\2", (void *) \&\2},/p'\'''
lt_cv_sys_global_symbol_to_cdecl='sed -n -e '\''s/^T .* \(.*\)$/extern int \1();/p'\'' -e '\''s/^[ABCDGIRSTW]* .* \(.*\)$/extern char \1;/p'\'''
lt_cv_sys_max_cmd_len=1572864
lt_cv_to_host_file_cmd=func_convert_file_noop
lt_cv_to_tool_file_cmd=func_convert_file_noop

## ----------------- ##
## Output variables. ##
## ----------------- ##

ACLOCAL='${SHELL} /home/gomma/projects/openwrt/dl/libtta/build-aux/missing --run aclocal-1.11'
AMDEPBACKSLASH='\'
AMDEP_FALSE='#'
AMDEP_TRUE=''
AMTAR='$${TAR-tar}'
AM_BACKSLASH='\'
AM_DEFAULT_V='$(AM_DEFAULT_VERBOSITY)'
AM_DEFAULT_VERBOSITY='0'
AM_V='$(V)'
AR='mipsel-openwrt-linux-ar'
AS='as'
AUTOCONF='${SHELL} /home/gomma/projects/openwrt/dl/libtta/build-aux/missing --run autoconf'
AUTOHEADER='${SHELL} /home/gomma/projects/openwrt/dl/libtta/build-aux/missing --run autoheader'
AUTOMAKE='${SHELL} /home/gomma/projects/openwrt/dl/libtta/build-aux/missing --run automake-1.11'
AWK='gawk'
BUILD_DOC_FALSE=''
BUILD_DOC_TRUE='#'
CC='mipsel-openwrt-linux-gcc -std=gnu99'
CCDEPMODE='depmode=gcc3'
CFLAGS='-g -O2'
CPP='mipsel-openwrt-linux-gcc -std=gnu99 -E'
CPPFLAGS=''
CYGPATH_W='echo'
DEFS='-DHAVE_CONFIG_H'
DEPDIR='.deps'
DLLTOOL='false'
DSYMUTIL=''
DUMPBIN=':'
ECHO_C=''
ECHO_N='-n'
ECHO_T=''
EGREP='/bin/grep -E'
EXEEXT=''
FGREP='/bin/grep -F'
GREP='/bin/grep'
INSTALL_DATA='${INSTALL} -m 644'
INSTALL_MAN_FALSE=''
INSTALL_MAN_TRUE='#'
INSTALL_PROGRAM='${INSTALL}'
INSTALL_SCRIPT='${INSTALL}'
INSTALL_STRIP_PROGRAM='$(install_sh) -c -s'
LD='/home/gomma/projects/openwrt/staging_dir/toolchain-mipsel_24kec+dsp_gcc-4.8-linaro_musl-1.1.11/mipsel-openwrt-linux-musl/bin/ld'
LDFLAGS=''
LIBOBJS=''
LIBS=''
LIBTOOL='$(SHELL) $(top_builddir)/libtool'
LIBTTA_LT_VERSION_INFO='6:0:1'
LIBTTA_VERSION='1.0.0'
LIBTTA_VERSION_MAJOR='1'
LIBTTA_VERSION_MICRO='0'
LIBTTA_VERSION_MINOR='0'
LIPO=''
LN_S='ln -s'
LTLIBOBJS=''
MAKEINFO='${SHELL} /home/gomma/projects/openwrt/dl/libtta/build-aux/missing --run makeinfo'
MANIFEST_TOOL=':'
MKDIR_P='/bin/mkdir -p'
NM='nm'
NMEDIT=''
OBJDUMP='objdump'
OBJEXT='o'
OS_QNX_FALSE=''
OS_QNX_TRUE='#'
OS_WIN32_FALSE=''
OS_WIN32_TRUE='#'
OTOOL64=''
OTOOL=''
PACKAGE='libtta'
PACKAGE_BUGREPORT='https://github.com/stephane/libtta/issues'
PACKAGE_NAME='libtta'
PACKAGE_STRING='libtta 1.0.0'
PACKAGE_TARNAME='libtta'
PACKAGE_URL='http://libtta.org/'
PACKAGE_VERSION='1.0.0'
PATH_SEPARATOR=':'
RANLIB='mipsel-openwrt-linux-ranlib'
SED='/bin/sed'
SET_MAKE=''
SHELL='/bin/bash'
STRIP='mipsel-openwrt-linux-strip'
VERSION='1.0.0'
ac_ct_AR=''
ac_ct_CC=''
ac_ct_DUMPBIN='link -dump'
ac_libtta_have_asciidoc='no'
ac_libtta_have_xmlto='no'
am__EXEEXT_FALSE=''
am__EXEEXT_TRUE='#'
am__fastdepCC_FALSE='#'
am__fastdepCC_TRUE=''
am__include='include'
am__isrc=''
am__leading_dot='.'
am__nodep='_no'
am__quote=''
am__tar='tar --format=posix -chf - "$$tardir"'
am__untar='tar -xf -'
bindir='${exec_prefix}/bin'
build='i686-pc-linux-gnu'
build_alias='i686-pc-linux-gnu'
build_cpu='i686'
build_os='linux-gnu'
build_vendor='pc'
datadir='${datarootdir}'
datarootdir='${prefix}/share'
docdir='${datarootdir}/doc/${PACKAGE_TARNAME}'
dvidir='${docdir}'
exec_prefix='${prefix}'
host='mipsel-unknown-linux-gnu'
host_alias='mipsel-linux'
host_cpu='mipsel'
host_os='linux-gnu'
host_vendor='unknown'
htmldir='${docdir}'
includedir='${prefix}/include'
infodir='${datarootdir}/info'
install_sh='${SHELL} /home/gomma/projects/openwrt/dl/libtta/build-aux/install-sh'
libdir='${exec_prefix}/lib'
libexecdir='${exec_prefix}/libexec'
localedir='${datarootdir}/locale'
localstatedir='${prefix}/var'
mandir='${datarootdir}/man'
mkdir_p='/bin/mkdir -p'
my_CFLAGS='-Wall -Wmissing-declarations -Wmissing-prototypes -Wnested-externs -Wpointer-arith -Wpointer-arith -Wsign-compare -Wchar-subscripts -Wstrict-prototypes -Wshadow -Wformat-security'
oldincludedir='/usr/include'
pdfdir='${docdir}'
prefix='/home/gomma/projects/openwrt/dl/libtta/install'
program_transform_name='s,x,x,'
psdir='${docdir}'
sbindir='${exec_prefix}/sbin'
sharedstatedir='${prefix}/com'
sysconfdir='${prefix}/etc'
target_alias='mipsel-linux'

## ----------- ##
## confdefs.h. ##
## ----------- ##

/* confdefs.h */
#define PACKAGE_NAME "libtta"
#define PACKAGE_TARNAME "libtta"
#define PACKAGE_VERSION "1.0.0"
#define PACKAGE_STRING "libtta 1.0.0"
#define PACKAGE_BUGREPORT "https://github.com/stephane/libtta/issues"
#define PACKAGE_URL "http://libtta.org/"
#define PACKAGE "libtta"
#define VERSION "1.0.0"
#define STDC_HEADERS 1
#define HAVE_SYS_TYPES_H 1
#define HAVE_SYS_STAT_H 1
#define HAVE_STDLIB_H 1
#define HAVE_STRING_H 1
#define HAVE_MEMORY_H 1
#define HAVE_STRINGS_H 1
#define HAVE_INTTYPES_H 1
#define HAVE_STDINT_H 1
#define HAVE_UNISTD_H 1
#define __EXTENSIONS__ 1
#define _ALL_SOURCE 1
#define _GNU_SOURCE 1
#define _POSIX_PTHREAD_SEMANTICS 1
#define _TANDEM_SOURCE 1
#define HAVE_DLFCN_H 1
#define LT_OBJDIR ".libs/"
#define HAVE_ARPA_INET_H 1
#define HAVE_BYTESWAP_H 1
#define HAVE_ERRNO_H 1
#define HAVE_FCNTL_H 1
#define HAVE_LIMITS_H 1
#define HAVE_LINUX_SERIAL_H 1
#define HAVE_NETDB_H 1
#define HAVE_NETINET_IN_H 1
#define HAVE_NETINET_TCP_H 1
#define HAVE_SYS_IOCTL_H 1
#define HAVE_SYS_SOCKET_H 1
#define HAVE_SYS_TIME_H 1
#define HAVE_SYS_TYPES_H 1
#define HAVE_TERMIOS_H 1
#define HAVE_TIME_H 1
#define HAVE_UNISTD_H 1
#define HAVE_DECL___CYGWIN__ 0
#define HAVE_FORK 1
#define HAVE_VFORK 1
#define HAVE_WORKING_VFORK 1
#define HAVE_WORKING_FORK 1
#define HAVE_ACCEPT4 1
#define HAVE_GETADDRINFO 1
#define HAVE_GETTIMEOFDAY 1
#define HAVE_INET_NTOA 1
#define HAVE_MEMSET 1
#define HAVE_SELECT 1
#define HAVE_SOCKET 1
#define HAVE_STRERROR 1
#define HAVE_STRLCPY 1
#define HAVE_DECL_TIOCSRS485 0
#define HAVE_DECL_TIOCM_RTS 1

configure: exit 0

## ---------------------- ##
## Running config.status. ##
## ---------------------- ##

This file was extended by libtta config.status 1.0.0, which was
generated by GNU Autoconf 2.68.  Invocation command line was

  CONFIG_FILES    = 
  CONFIG_HEADERS  = 
  CONFIG_LINKS    = 
  CONFIG_COMMANDS = 
  $ ./config.status libtta.pc

on cloud

config.status:1157: creating libtta.pc

## ---------------------- ##
## Running config.status. ##
## ---------------------- ##

This file was extended by libtta config.status 1.0.0, which was
generated by GNU Autoconf 2.68.  Invocation command line was

  CONFIG_FILES    = 
  CONFIG_HEADERS  = 
  CONFIG_LINKS    = 
  CONFIG_COMMANDS = 
  $ ./config.status libtta.pc

on cloud

config.status:1157: creating libtta.pc
